<?xml version="1.0" encoding="UTF-8"?>
<!-- Generated by org.testng.reporters.JUnitXMLReporter -->
<testsuite ignored="0" hostname="DESKTOP-P4BNBKS" failures="1" tests="1" name="Surefire test" time="30.362" errors="0" timestamp="2023-11-02T13:54:23 GET">
  <testcase classname="Test.SearchFieldTest" name="trueIsTrue" time="27.705">
    <failure type="java.lang.AssertionError" message="expected [class Page.PricingCalculatorPage] but found [Page.EmailGenerator@55e2fe3c]">
      <![CDATA[java.lang.AssertionError: expected [class Page.PricingCalculatorPage] but found [Page.EmailGenerator@55e2fe3c]
at Test.SearchFieldTest.trueIsTrue(SearchFieldTest.java:29)
at java.base/java.util.ArrayList.forEach(ArrayList.java:1511)
... Removed 38 stack frames]]>
    </failure>
  </testcase> <!-- trueIsTrue -->
</testsuite> <!-- Surefire test -->
