<?xml version="1.0" encoding="UTF-8"?>
<!-- Generated by org.testng.reporters.JUnitXMLReporter -->
<testsuite ignored="1" hostname="DESKTOP-P4BNBKS" failures="0" tests="1" name="PricingCalculatorTest.java" time="25.275" errors="0" timestamp="13 Jan 2024 15:05:54 GMT">
  <testcase classname="test.PricingCalculatorTest" name="openMainPageAndSearch" time="15.517"/>
  <testcase classname="test.PricingCalculatorTest" name="verifyTotalEstimatedMonthlyCost" time="0.0">
    <ignored/>
  </testcase> <!-- verifyTotalEstimatedMonthlyCost -->
</testsuite> <!-- PricingCalculatorTest.java -->
