<?xml version="1.0" encoding="UTF-8"?>
<testng-results ignored="0" total="2" passed="2" failed="0" skipped="0">
  <reporter-output>
  </reporter-output>
  <suite started-at="2023-12-27T15:15:26 GET" name="All tests" finished-at="2023-12-27T15:16:43 GET" duration-ms="76706">
    <groups>
    </groups>
    <test started-at="2023-12-27T15:15:26 GET" name="All tests" finished-at="2023-12-27T15:16:43 GET" duration-ms="76706">
      <class name="test.PricingCalculatorTest">
        <test-method is-config="true" signature="setUp()[pri:0, instance:test.PricingCalculatorTest@479d31f3]" started-at="2023-12-27T15:15:27 GET" name="setUp" finished-at="2023-12-27T15:15:40 GET" duration-ms="13451" status="PASS">
          <reporter-output>
          </reporter-output>
        </test-method> <!-- setUp -->
        <test-method signature="openMainPageAndSearch()[pri:0, instance:test.PricingCalculatorTest@479d31f3]" started-at="2023-12-27T15:15:40 GET" name="openMainPageAndSearch" description="Smoke Test: Открыть главную страницу и выполнить поиск" finished-at="2023-12-27T15:15:49 GET" duration-ms="8943" status="PASS">
          <reporter-output>
          </reporter-output>
        </test-method> <!-- openMainPageAndSearch -->
        <test-method is-config="true" signature="stopBrowser()[pri:0, instance:test.PricingCalculatorTest@479d31f3]" started-at="2023-12-27T15:15:49 GET" name="stopBrowser" finished-at="2023-12-27T15:15:51 GET" duration-ms="2334" status="PASS">
          <reporter-output>
          </reporter-output>
        </test-method> <!-- stopBrowser -->
        <test-method is-config="true" signature="setUp()[pri:0, instance:test.PricingCalculatorTest@479d31f3]" started-at="2023-12-27T15:15:51 GET" name="setUp" finished-at="2023-12-27T15:15:56 GET" duration-ms="4935" status="PASS">
          <reporter-output>
          </reporter-output>
        </test-method> <!-- setUp -->
        <test-method signature="verifyTotalEstimatedMonthlyCost()[pri:0, instance:test.PricingCalculatorTest@479d31f3]" started-at="2023-12-27T15:15:56 GET" name="verifyTotalEstimatedMonthlyCost" description="MAT test: Проверить общую ежемесячную стоимость" finished-at="2023-12-27T15:16:42 GET" duration-ms="45514" status="PASS">
          <reporter-output>
          </reporter-output>
        </test-method> <!-- verifyTotalEstimatedMonthlyCost -->
        <test-method is-config="true" signature="stopBrowser()[pri:0, instance:test.PricingCalculatorTest@479d31f3]" started-at="2023-12-27T15:16:42 GET" name="stopBrowser" finished-at="2023-12-27T15:16:43 GET" duration-ms="1287" status="PASS">
          <reporter-output>
          </reporter-output>
        </test-method> <!-- stopBrowser -->
      </class> <!-- test.PricingCalculatorTest -->
    </test> <!-- All tests -->
  </suite> <!-- All tests -->
</testng-results>
